javaprog (master) Deploy $ cat build_docker.txt 

sudo docker build -t gene_test \
    --build-arg fl_port=7003 \
    --build-arg db_host=127.0.0.1 \
    --build-arg db_user=root \
    --build-arg db_passwd=some_passwd \
    --build-arg db_schema=tran_test_202108 \
    --build-arg db_cache_schema=translator_cache \
    --build-arg db_results_limit=150 \
    --build-arg tran_log_file=logs/genepro.log \
    --build-arg tran_max_query_size=100000 \
    --build-arg tran_url_normalizer=https://nodenormalization-sri.renci.org/get_normalized_nodes \
    .

javaprog (master) Deploy $ cat run_docker.txt 
export PORT=7003

# sudo docker run -p $PORT:$PORT gene:gene 
sudo docker run --network="host" gene_test:latest
javaprog (master) Deploy $ . ./build_docker.txt 
Sending build context to Docker daemon  10.24kB
Step 1/36 : FROM python:3-alpine
3-alpine: Pulling from library/python
530afca65e2e: Pull complete 
cc8c14b1a767: Pull complete 
571274b8543b: Pull complete 
6f79a08255af: Pull complete 
ca6b20e3f6ab: Pull complete 
Digest: sha256:4543fd9295d8d4f7a61c80d8e490de0f1cb0b37b022dbc1dd92537101a81d149
Status: Downloaded newer image for python:3-alpine
 ---> 3d057565b53c
Step 2/36 : LABEL author="Marc Duby, Broad Institute"
 ---> Running in d7a3d30a907d
Removing intermediate container d7a3d30a907d
 ---> 2245229f3417
Step 3/36 : LABEL description="The Flannick's Lab's TRAPI Genetics KP"
 ---> Running in 856d883b2780
Removing intermediate container 856d883b2780
 ---> f82c56d88720
Step 4/36 : RUN apk add --update git
 ---> Running in a584f1772046
fetch https://dl-cdn.alpinelinux.org/alpine/v3.16/main/x86_64/APKINDEX.tar.gz
fetch https://dl-cdn.alpinelinux.org/alpine/v3.16/community/x86_64/APKINDEX.tar.gz
(1/5) Installing brotli-libs (1.0.9-r6)
(2/5) Installing nghttp2-libs (1.47.0-r0)
(3/5) Installing libcurl (7.83.1-r2)
(4/5) Installing pcre2 (10.40-r0)
(5/5) Installing git (2.36.2-r0)
Executing busybox-1.35.0-r15.trigger
OK: 27 MiB in 41 packages
Removing intermediate container a584f1772046
 ---> a14f20995a19
Step 5/36 : RUN apk add --update bash
 ---> Running in d8eeb78d8a3f
(1/1) Installing bash (5.1.16-r2)
Executing bash-5.1.16-r2.post-install
Executing busybox-1.35.0-r15.trigger
OK: 29 MiB in 42 packages
Removing intermediate container d8eeb78d8a3f
 ---> c3d3e3ffd2ad
Step 6/36 : RUN mkdir /home/CodeTest
 ---> Running in 814ff088c4ce
Removing intermediate container 814ff088c4ce
 ---> 1f010d3587ff
Step 7/36 : RUN cd /home/CodeTest
 ---> Running in eeac63315300
Removing intermediate container eeac63315300
 ---> 0efb6e643d67
Step 8/36 : RUN git clone https://github.com/broadinstitute/genetics-kp-dev /home/CodeTest/GeneticsPro
 ---> Running in 18a60d788d48
Cloning into '/home/CodeTest/GeneticsPro'...
Removing intermediate container 18a60d788d48
 ---> e7509a95f9d9
Step 9/36 : RUN cd /home/CodeTest/GeneticsPro
 ---> Running in e33bbeac1303
Removing intermediate container e33bbeac1303
 ---> dadee94e8ed1
Step 10/36 : RUN pip3 install PyMySQL==0.10.1
 ---> Running in fa62fe69e3af
Collecting PyMySQL==0.10.1
  Downloading PyMySQL-0.10.1-py2.py3-none-any.whl (47 kB)
     ━━━━━━━━━━━━━━━━━━━━━━━━━━━━━━━━━━━━━━━━ 47.9/47.9 kB 1.6 MB/s eta 0:00:00
Installing collected packages: PyMySQL
Successfully installed PyMySQL-0.10.1
WARNING: Running pip as the 'root' user can result in broken permissions and conflicting behaviour with the system package manager. It is recommended to use a virtual environment instead: https://pip.pypa.io/warnings/venv

[notice] A new release of pip available: 22.2.1 -> 22.2.2
[notice] To update, run: pip install --upgrade pip
Removing intermediate container fa62fe69e3af
 ---> de95d7ff09ae
Step 11/36 : RUN pip3 install gunicorn
 ---> Running in 38973f26db32
Collecting gunicorn
  Downloading gunicorn-20.1.0-py3-none-any.whl (79 kB)
     ━━━━━━━━━━━━━━━━━━━━━━━━━━━━━━━━━━━━━━━━ 79.5/79.5 kB 2.7 MB/s eta 0:00:00
Requirement already satisfied: setuptools>=3.0 in /usr/local/lib/python3.10/site-packages (from gunicorn) (63.2.0)
Installing collected packages: gunicorn
Successfully installed gunicorn-20.1.0
WARNING: Running pip as the 'root' user can result in broken permissions and conflicting behaviour with the system package manager. It is recommended to use a virtual environment instead: https://pip.pypa.io/warnings/venv

[notice] A new release of pip available: 22.2.1 -> 22.2.2
[notice] To update, run: pip install --upgrade pip
Removing intermediate container 38973f26db32
 ---> ba72ed5dc742
Step 12/36 : RUN pip3 install connexion==2.7.0
 ---> Running in a9127c302b26
Collecting connexion==2.7.0
  Downloading connexion-2.7.0-py2.py3-none-any.whl (77 kB)
     ━━━━━━━━━━━━━━━━━━━━━━━━━━━━━━━━━━━━━━━━ 77.3/77.3 kB 2.5 MB/s eta 0:00:00
Collecting PyYAML>=5.1
  Downloading PyYAML-6.0.tar.gz (124 kB)
     ━━━━━━━━━━━━━━━━━━━━━━━━━━━━━━━━━━━━━━━ 125.0/125.0 kB 6.5 MB/s eta 0:00:00
  Installing build dependencies: started
  Installing build dependencies: finished with status 'done'
  Getting requirements to build wheel: started
  Getting requirements to build wheel: finished with status 'done'
  Preparing metadata (pyproject.toml): started
  Preparing metadata (pyproject.toml): finished with status 'done'
Collecting inflection>=0.3.1
  Downloading inflection-0.5.1-py2.py3-none-any.whl (9.5 kB)
Collecting openapi-spec-validator>=0.2.4
  Downloading openapi_spec_validator-0.4.0-py3-none-any.whl (31 kB)
Collecting requests>=2.9.1
  Downloading requests-2.28.1-py3-none-any.whl (62 kB)
     ━━━━━━━━━━━━━━━━━━━━━━━━━━━━━━━━━━━━━━━━ 62.8/62.8 kB 8.1 MB/s eta 0:00:00
Collecting flask>=1.0.4
  Downloading Flask-2.2.1-py3-none-any.whl (101 kB)
     ━━━━━━━━━━━━━━━━━━━━━━━━━━━━━━━━━━━━━━ 101.5/101.5 kB 10.3 MB/s eta 0:00:00
Collecting clickclick>=1.2
  Downloading clickclick-20.10.2-py2.py3-none-any.whl (7.4 kB)
Collecting jsonschema>=2.5.1
  Downloading jsonschema-4.9.1-py3-none-any.whl (79 kB)
     ━━━━━━━━━━━━━━━━━━━━━━━━━━━━━━━━━━━━━━━━ 79.5/79.5 kB 9.7 MB/s eta 0:00:00
Collecting click>=4.0
  Downloading click-8.1.3-py3-none-any.whl (96 kB)
     ━━━━━━━━━━━━━━━━━━━━━━━━━━━━━━━━━━━━━━━━ 96.6/96.6 kB 11.0 MB/s eta 0:00:00
Collecting Werkzeug>=2.2.0
  Downloading Werkzeug-2.2.1-py3-none-any.whl (232 kB)
     ━━━━━━━━━━━━━━━━━━━━━━━━━━━━━━━━━━━━━━ 232.4/232.4 kB 11.5 MB/s eta 0:00:00
Collecting Jinja2>=3.0
  Downloading Jinja2-3.1.2-py3-none-any.whl (133 kB)
     ━━━━━━━━━━━━━━━━━━━━━━━━━━━━━━━━━━━━━━ 133.1/133.1 kB 15.7 MB/s eta 0:00:00
Collecting itsdangerous>=2.0
  Downloading itsdangerous-2.1.2-py3-none-any.whl (15 kB)
Collecting attrs>=17.4.0
  Downloading attrs-22.1.0-py2.py3-none-any.whl (58 kB)
     ━━━━━━━━━━━━━━━━━━━━━━━━━━━━━━━━━━━━━━━━ 58.8/58.8 kB 9.6 MB/s eta 0:00:00
Collecting pyrsistent!=0.17.0,!=0.17.1,!=0.17.2,>=0.14.0
  Downloading pyrsistent-0.18.1.tar.gz (100 kB)
     ━━━━━━━━━━━━━━━━━━━━━━━━━━━━━━━━━━━━━━ 100.5/100.5 kB 13.8 MB/s eta 0:00:00
  Installing build dependencies: started
  Installing build dependencies: finished with status 'done'
  Getting requirements to build wheel: started
  Getting requirements to build wheel: finished with status 'done'
  Preparing metadata (pyproject.toml): started
  Preparing metadata (pyproject.toml): finished with status 'done'
Collecting openapi-schema-validator<0.3.0,>=0.2.0
  Downloading openapi_schema_validator-0.2.3-py3-none-any.whl (8.3 kB)
Requirement already satisfied: setuptools in /usr/local/lib/python3.10/site-packages (from openapi-spec-validator>=0.2.4->connexion==2.7.0) (63.2.0)
Collecting certifi>=2017.4.17
  Downloading certifi-2022.6.15-py3-none-any.whl (160 kB)
     ━━━━━━━━━━━━━━━━━━━━━━━━━━━━━━━━━━━━━━ 160.2/160.2 kB 10.2 MB/s eta 0:00:00
Collecting charset-normalizer<3,>=2
  Downloading charset_normalizer-2.1.0-py3-none-any.whl (39 kB)
Collecting idna<4,>=2.5
  Downloading idna-3.3-py3-none-any.whl (61 kB)
     ━━━━━━━━━━━━━━━━━━━━━━━━━━━━━━━━━━━━━━━━ 61.2/61.2 kB 8.6 MB/s eta 0:00:00
Collecting urllib3<1.27,>=1.21.1
  Downloading urllib3-1.26.11-py2.py3-none-any.whl (139 kB)
     ━━━━━━━━━━━━━━━━━━━━━━━━━━━━━━━━━━━━━━ 139.9/139.9 kB 10.3 MB/s eta 0:00:00
Collecting MarkupSafe>=2.0
  Downloading MarkupSafe-2.1.1-cp310-cp310-musllinux_1_1_x86_64.whl (29 kB)
Building wheels for collected packages: PyYAML, pyrsistent
  Building wheel for PyYAML (pyproject.toml): started
  Building wheel for PyYAML (pyproject.toml): finished with status 'done'
  Created wheel for PyYAML: filename=PyYAML-6.0-cp310-cp310-linux_x86_64.whl size=45330 sha256=ad9a9f9dace298e362257d3e401b0613ab734c05374b04523e4396c10c7bd84d
  Stored in directory: /root/.cache/pip/wheels/1d/f3/b4/4aea0992adbed14b36ce9c3857d3707c762a4374479230685d
  Building wheel for pyrsistent (pyproject.toml): started
  Building wheel for pyrsistent (pyproject.toml): finished with status 'done'
  Created wheel for pyrsistent: filename=pyrsistent-0.18.1-cp310-cp310-linux_x86_64.whl size=56386 sha256=4d4f653b1d5723d2a18266475f952b69c0c65c410ac022637c9c9a41a9acbd62
  Stored in directory: /root/.cache/pip/wheels/42/cf/03/ae35459d6c32fce920e7eb28fa325fdeced7a39fb9b98c56f0
Successfully built PyYAML pyrsistent
Installing collected packages: urllib3, PyYAML, pyrsistent, MarkupSafe, itsdangerous, inflection, idna, click, charset-normalizer, certifi, attrs, Werkzeug, requests, jsonschema, Jinja2, clickclick, openapi-schema-validator, flask, openapi-spec-validator, connexion
Successfully installed Jinja2-3.1.2 MarkupSafe-2.1.1 PyYAML-6.0 Werkzeug-2.2.1 attrs-22.1.0 certifi-2022.6.15 charset-normalizer-2.1.0 click-8.1.3 clickclick-20.10.2 connexion-2.7.0 flask-2.2.1 idna-3.3 inflection-0.5.1 itsdangerous-2.1.2 jsonschema-4.9.1 openapi-schema-validator-0.2.3 openapi-spec-validator-0.4.0 pyrsistent-0.18.1 requests-2.28.1 urllib3-1.26.11
WARNING: Running pip as the 'root' user can result in broken permissions and conflicting behaviour with the system package manager. It is recommended to use a virtual environment instead: https://pip.pypa.io/warnings/venv

[notice] A new release of pip available: 22.2.1 -> 22.2.2
[notice] To update, run: pip install --upgrade pip
Removing intermediate container a9127c302b26
 ---> fd69aad75789
Step 13/36 : ARG fl_port
 ---> Running in 66693c520449
Removing intermediate container 66693c520449
 ---> 076fdaf10392
Step 14/36 : ENV FLASK_PORT=$fl_port
 ---> Running in cc05b5ed4a48
Removing intermediate container cc05b5ed4a48
 ---> ec1ac6d628f3
Step 15/36 : ARG db_host
 ---> Running in 6db5aa4d5c1d
Removing intermediate container 6db5aa4d5c1d
 ---> e211380f8722
Step 16/36 : ENV DB_HOST=$db_host
 ---> Running in fcd2d8b8c6dc
Removing intermediate container fcd2d8b8c6dc
 ---> 6cf324c582e9
Step 17/36 : ARG db_user
 ---> Running in 86083e3eb027
Removing intermediate container 86083e3eb027
 ---> b165517daaf1
Step 18/36 : ENV DB_USER=$db_user
 ---> Running in f1ff2d5e26f1
Removing intermediate container f1ff2d5e26f1
 ---> 13ea4e73dd6d
Step 19/36 : ARG db_passwd
 ---> Running in 478aa282d20d
Removing intermediate container 478aa282d20d
 ---> 86a803aacdf5
Step 20/36 : ENV DB_PASSWD=$db_passwd
 ---> Running in d440f7efe8e8
Removing intermediate container d440f7efe8e8
 ---> b8d22b75b133
Step 21/36 : ARG db_schema
 ---> Running in 661452e8bc6d
Removing intermediate container 661452e8bc6d
 ---> a14206557fc9
Step 22/36 : ENV DB_SCHEMA=$db_schema
 ---> Running in acbb7e8c9f09
Removing intermediate container acbb7e8c9f09
 ---> 8e6a2235cd69
Step 23/36 : ARG db_cache_schema
 ---> Running in 5f0d82980e78
Removing intermediate container 5f0d82980e78
 ---> 97bfe2090c48
Step 24/36 : ENV DB_CACHE_SCHEMA=$db_cache_schema
 ---> Running in 6e1ae605d227
Removing intermediate container 6e1ae605d227
 ---> c9e884baa101
Step 25/36 : ARG db_results_limit
 ---> Running in 8a464d3f3730
Removing intermediate container 8a464d3f3730
 ---> f070303c3f72
Step 26/36 : ENV DB_RESULTS_LIMIT=$db_results_limit
 ---> Running in 8f66c78196df
Removing intermediate container 8f66c78196df
 ---> 9c7e88d65f1c
Step 27/36 : ARG tran_log_file
 ---> Running in ea273f6ca995
Removing intermediate container ea273f6ca995
 ---> 8ab4645063d3
Step 28/36 : ENV TRAN_LOG_FILE=$tran_log_file
 ---> Running in 3d064b5ead96
Removing intermediate container 3d064b5ead96
 ---> 12cfcbdc1554
Step 29/36 : ARG tran_max_query_size
 ---> Running in ad22d225269c
Removing intermediate container ad22d225269c
 ---> 9745d00d4ec9
Step 30/36 : ENV TRAN_MAX_QUERY_SIZE=$tran_max_query_size
 ---> Running in cf9211bef569
Removing intermediate container cf9211bef569
 ---> 860771029329
Step 31/36 : ARG tran_url_normalizer
 ---> Running in 58c497c3913e
Removing intermediate container 58c497c3913e
 ---> 625667e29d05
Step 32/36 : ENV TRAN_URL_NORMALIZER=$tran_url_normalizer
 ---> Running in 46db86692456
Removing intermediate container 46db86692456
 ---> 3f7f5af4d609
Step 33/36 : EXPOSE $FLASK_PORT
 ---> Running in dca601a3b75e
Removing intermediate container dca601a3b75e
 ---> c17e2b8d929d
Step 34/36 : RUN mkdir /home/CodeTest/GeneticsPro/python-flask-server/logs
 ---> Running in d0e3bc36257b
Removing intermediate container d0e3bc36257b
 ---> d568ba80be4a
Step 35/36 : WORKDIR /home/CodeTest/GeneticsPro/python-flask-server
 ---> Running in f7cdb08fcb3e
Removing intermediate container f7cdb08fcb3e
 ---> 8b761e4fcbc6
Step 36/36 : CMD gunicorn -w 2 --bind 0.0.0.0:$FLASK_PORT openapi_server.__main__:app --timeout 3600
 ---> Running in 3a25ca263fcf
Removing intermediate container 3a25ca263fcf
 ---> cb3d54ac3da9
Successfully built cb3d54ac3da9
Successfully tagged gene_test:latest
javaprog (master) Deploy $